<?xml version="1.0" encoding="UTF-8"?>
<testng-results ignored="0" total="1" passed="1" failed="0" skipped="0">
  <reporter-output>
  </reporter-output>
  <suite started-at="2023-01-11T17:25:19 IST" name="Default suite" finished-at="2023-01-11T17:25:24 IST" duration-ms="5194">
    <groups>
    </groups>
    <test started-at="2023-01-11T17:25:19 IST" name="Default test" finished-at="2023-01-11T17:25:24 IST" duration-ms="5194">
      <class name="Lombok_Test.Restassured_Post3_Using_POJO_With_LOMBOK">
        <test-method signature="pojotest()[pri:0, instance:Lombok_Test.Restassured_Post3_Using_POJO_With_LOMBOK@16612a51]" started-at="2023-01-11T17:25:19 IST" name="pojotest" finished-at="2023-01-11T17:25:24 IST" duration-ms="5080" status="PASS">
          <reporter-output>
          </reporter-output>
        </test-method> <!-- pojotest -->
      </class> <!-- Lombok_Test.Restassured_Post3_Using_POJO_With_LOMBOK -->
    </test> <!-- Default test -->
  </suite> <!-- Default suite -->
</testng-results>
